2018-05-08 17:32:44 [127.0.0.1][-][-][error][yii\web\HttpException:404] exception 'yii\base\InvalidRouteException' with message 'Unable to resolve the request "edit.php".' in D:\phpStudy\WWW\b\vendor\yiisoft\yii2\base\Module.php:462
Stack trace:
#0 D:\phpStudy\WWW\b\vendor\yiisoft\yii2\web\Application.php(100): yii\base\Module->runAction('edit.php', Array)
#1 D:\phpStudy\WWW\b\vendor\yiisoft\yii2\base\Application.php(375): yii\web\Application->handleRequest(Object(yii\web\Request))
#2 D:\phpStudy\WWW\b\web\index.php(12): yii\base\Application->run()
#3 {main}

Next exception 'yii\web\NotFoundHttpException' with message 'Page not found.' in D:\phpStudy\WWW\b\vendor\yiisoft\yii2\web\Application.php:112
Stack trace:
#0 D:\phpStudy\WWW\b\vendor\yiisoft\yii2\base\Application.php(375): yii\web\Application->handleRequest(Object(yii\web\Request))
#1 D:\phpStudy\WWW\b\web\index.php(12): yii\base\Application->run()
#2 {main}
2018-05-08 17:32:44 [127.0.0.1][-][-][info][application] $_COOKIE = [
    '_csrf' => '23043bc199eb6566a26abc75c2da60561502bc33a756f0c450b9526f8daa2702a:2:{i:0;s:5:\"_csrf\";i:1;s:32:\"4csTqHIWX9f04EzqfZ9uy84Bfaew0rX_\";}'
]

$_SERVER = [
    'PATH' => 'C:\\windows\\system32;C:\\windows;C:\\windows\\System32\\Wbem;C:\\windows\\System32\\WindowsPowerShell\\v1.0\\;D:\\Program Files (x86)\\Git\\cmd;D:\\phpStudy\\MySQL\\bin;D:\\phpStudy\\php55n\\'
    'SYSTEMROOT' => 'C:\\windows'
    'COMSPEC' => 'C:\\windows\\system32\\cmd.exe;D:\\phpStudy\\php55n\\php.exe;C:\\Users\\Administrator'
    'PATHEXT' => '.COM;.EXE;.BAT;.CMD;.VBS;.VBE;.JS;.JSE;.WSF;.WSH;.MSC'
    'WINDIR' => 'C:\\windows'
    'PHP_FCGI_MAX_REQUESTS' => '1000'
    'PHPRC' => 'D:/phpStudy/php55n'
    '_FCGI_SHUTDOWN_EVENT_' => '1800'
    'SCRIPT_NAME' => '/index.php'
    'REQUEST_URI' => '/edit.php'
    'QUERY_STRING' => ''
    'REQUEST_METHOD' => 'GET'
    'SERVER_PROTOCOL' => 'HTTP/1.1'
    'GATEWAY_INTERFACE' => 'CGI/1.1'
    'REDIRECT_URL' => '/edit.php'
    'REMOTE_PORT' => '62829'
    'SCRIPT_FILENAME' => 'D:/phpStudy/WWW/b/web/index.php'
    'SERVER_ADMIN' => 'admin@phpStudy.net'
    'CONTEXT_DOCUMENT_ROOT' => 'D:/phpStudy/WWW/b/web'
    'CONTEXT_PREFIX' => ''
    'REQUEST_SCHEME' => 'http'
    'DOCUMENT_ROOT' => 'D:/phpStudy/WWW/b/web'
    'REMOTE_ADDR' => '127.0.0.1'
    'SERVER_PORT' => '80'
    'SERVER_ADDR' => '127.0.0.1'
    'SERVER_NAME' => 'b.com'
    'SERVER_SOFTWARE' => 'Apache/2.4.10 (Win32) OpenSSL/1.0.1i mod_fcgid/2.3.9'
    'SERVER_SIGNATURE' => ''
    'SystemRoot' => 'C:\\windows'
    'HTTP_COOKIE' => '_csrf=23043bc199eb6566a26abc75c2da60561502bc33a756f0c450b9526f8daa2702a%3A2%3A%7Bi%3A0%3Bs%3A5%3A%22_csrf%22%3Bi%3A1%3Bs%3A32%3A%224csTqHIWX9f04EzqfZ9uy84Bfaew0rX_%22%3B%7D'
    'HTTP_ACCEPT_LANGUAGE' => 'zh-CN,zh;q=0.9'
    'HTTP_ACCEPT_ENCODING' => 'gzip, deflate'
    'HTTP_ACCEPT' => 'text/html,application/xhtml+xml,application/xml;q=0.9,image/webp,image/apng,*/*;q=0.8'
    'HTTP_USER_AGENT' => 'Mozilla/5.0 (Windows NT 6.1; Win64; x64) AppleWebKit/537.36 (KHTML, like Gecko) Chrome/66.0.3359.139 Safari/537.36'
    'HTTP_UPGRADE_INSECURE_REQUESTS' => '1'
    'HTTP_CONNECTION' => 'close'
    'HTTP_HOST' => 'b.com'
    'REDIRECT_STATUS' => '200'
    'FCGI_ROLE' => 'RESPONDER'
    'PHP_SELF' => '/index.php'
    'REQUEST_TIME_FLOAT' => 1525771964.9313
    'REQUEST_TIME' => 1525771964
]
2018-05-08 17:38:22 [127.0.0.1][-][-][error][yii\db\Exception] exception 'PDOException' with message 'SQLSTATE[42S02]: Base table or view not found: 1146 Table 'lx.x2_article' doesn't exist' in D:\phpStudy\WWW\b\vendor\yiisoft\yii2\db\Command.php:900
Stack trace:
#0 D:\phpStudy\WWW\b\vendor\yiisoft\yii2\db\Command.php(900): PDOStatement->execute()
#1 D:\phpStudy\WWW\b\vendor\yiisoft\yii2\db\Command.php(362): yii\db\Command->queryInternal('<span class="st...', '<span class="ke...')
#2 D:\phpStudy\WWW\b\modules\cn\controllers\indexController.php(19): yii\db\Command->queryAll()
#3 [internal function]: app\modules\cn\controllers\IndexController->actionIndex()
#4 D:\phpStudy\WWW\b\vendor\yiisoft\yii2\base\InlineAction.php(55): call_user_func_array('[<span class="t...', '[]')
#5 D:\phpStudy\WWW\b\vendor\yiisoft\yii2\base\Controller.php(154): yii\base\InlineAction->runWithParams('[]')
#6 D:\phpStudy\WWW\b\vendor\yiisoft\yii2\base\Module.php(454): yii\base\Controller->runAction('<span class="st...', '[]')
#7 D:\phpStudy\WWW\b\vendor\yiisoft\yii2\web\Application.php(100): yii\base\Module->runAction('<span class="st...', '[]')
#8 D:\phpStudy\WWW\b\vendor\yiisoft\yii2\base\Application.php(375): yii\web\Application->handleRequest(Object(yii\web\Request))
#9 D:\phpStudy\WWW\b\web\index.php(12): yii\base\Application->run()
#10 {main}

Next exception 'yii\db\Exception' with message 'SQLSTATE[42S02]: Base table or view not found: 1146 Table 'lx.x2_article' doesn't exist
The SQL being executed was: select * from `x2_article` order by id desc limit 5' in D:\phpStudy\WWW\b\vendor\yiisoft\yii2\db\Schema.php:631
Stack trace:
#0 D:\phpStudy\WWW\b\vendor\yiisoft\yii2\db\Command.php(915): yii\db\Schema->convertException(Object(PDOException), 'select * from `...')
#1 D:\phpStudy\WWW\b\vendor\yiisoft\yii2\db\Command.php(362): yii\db\Command->queryInternal('<span class="st...', '<span class="ke...')
#2 D:\phpStudy\WWW\b\modules\cn\controllers\indexController.php(19): yii\db\Command->queryAll()
#3 [internal function]: app\modules\cn\controllers\IndexController->actionIndex()
#4 D:\phpStudy\WWW\b\vendor\yiisoft\yii2\base\InlineAction.php(55): call_user_func_array('[<span class="t...', '[]')
#5 D:\phpStudy\WWW\b\vendor\yiisoft\yii2\base\Controller.php(154): yii\base\InlineAction->runWithParams('[]')
#6 D:\phpStudy\WWW\b\vendor\yiisoft\yii2\base\Module.php(454): yii\base\Controller->runAction('<span class="st...', '[]')
#7 D:\phpStudy\WWW\b\vendor\yiisoft\yii2\web\Application.php(100): yii\base\Module->runAction('<span class="st...', '[]')
#8 D:\phpStudy\WWW\b\vendor\yiisoft\yii2\base\Application.php(375): yii\web\Application->handleRequest(Object(yii\web\Request))
#9 D:\phpStudy\WWW\b\web\index.php(12): yii\base\Application->run()
#10 {main}
Additional Information:
Array
(
    [0] => 42S02
    [1] => 1146
    [2] => Table 'lx.x2_article' doesn't exist
)

2018-05-08 17:38:21 [127.0.0.1][-][-][info][application] $_COOKIE = [
    '_csrf' => '23043bc199eb6566a26abc75c2da60561502bc33a756f0c450b9526f8daa2702a:2:{i:0;s:5:\"_csrf\";i:1;s:32:\"4csTqHIWX9f04EzqfZ9uy84Bfaew0rX_\";}'
]

$_SERVER = [
    'PATH' => 'C:\\windows\\system32;C:\\windows;C:\\windows\\System32\\Wbem;C:\\windows\\System32\\WindowsPowerShell\\v1.0\\;D:\\Program Files (x86)\\Git\\cmd;D:\\phpStudy\\MySQL\\bin;D:\\phpStudy\\php55n\\'
    'SYSTEMROOT' => 'C:\\windows'
    'COMSPEC' => 'C:\\windows\\system32\\cmd.exe;D:\\phpStudy\\php55n\\php.exe;C:\\Users\\Administrator'
    'PATHEXT' => '.COM;.EXE;.BAT;.CMD;.VBS;.VBE;.JS;.JSE;.WSF;.WSH;.MSC'
    'WINDIR' => 'C:\\windows'
    'PHP_FCGI_MAX_REQUESTS' => '1000'
    'PHPRC' => 'D:/phpStudy/php55n'
    '_FCGI_SHUTDOWN_EVENT_' => '1868'
    'SCRIPT_NAME' => '/index.php'
    'REQUEST_URI' => '/index.html'
    'QUERY_STRING' => ''
    'REQUEST_METHOD' => 'GET'
    'SERVER_PROTOCOL' => 'HTTP/1.1'
    'GATEWAY_INTERFACE' => 'CGI/1.1'
    'REDIRECT_URL' => '/index.html'
    'REMOTE_PORT' => '64032'
    'SCRIPT_FILENAME' => 'D:/phpStudy/WWW/b/web/index.php'
    'SERVER_ADMIN' => 'admin@phpStudy.net'
    'CONTEXT_DOCUMENT_ROOT' => 'D:/phpStudy/WWW/b/web'
    'CONTEXT_PREFIX' => ''
    'REQUEST_SCHEME' => 'http'
    'DOCUMENT_ROOT' => 'D:/phpStudy/WWW/b/web'
    'REMOTE_ADDR' => '127.0.0.1'
    'SERVER_PORT' => '80'
    'SERVER_ADDR' => '127.0.0.1'
    'SERVER_NAME' => 'b.com'
    'SERVER_SOFTWARE' => 'Apache/2.4.10 (Win32) OpenSSL/1.0.1i mod_fcgid/2.3.9'
    'SERVER_SIGNATURE' => ''
    'SystemRoot' => 'C:\\windows'
    'HTTP_COOKIE' => '_csrf=23043bc199eb6566a26abc75c2da60561502bc33a756f0c450b9526f8daa2702a%3A2%3A%7Bi%3A0%3Bs%3A5%3A%22_csrf%22%3Bi%3A1%3Bs%3A32%3A%224csTqHIWX9f04EzqfZ9uy84Bfaew0rX_%22%3B%7D'
    'HTTP_ACCEPT_LANGUAGE' => 'zh-CN,zh;q=0.9'
    'HTTP_ACCEPT_ENCODING' => 'gzip, deflate'
    'HTTP_ACCEPT' => 'text/html,application/xhtml+xml,application/xml;q=0.9,image/webp,image/apng,*/*;q=0.8'
    'HTTP_USER_AGENT' => 'Mozilla/5.0 (Windows NT 6.1; Win64; x64) AppleWebKit/537.36 (KHTML, like Gecko) Chrome/66.0.3359.139 Safari/537.36'
    'HTTP_UPGRADE_INSECURE_REQUESTS' => '1'
    'HTTP_CONNECTION' => 'close'
    'HTTP_HOST' => 'b.com'
    'REDIRECT_STATUS' => '200'
    'FCGI_ROLE' => 'RESPONDER'
    'PHP_SELF' => '/index.php'
    'REQUEST_TIME_FLOAT' => 1525772301.0673
    'REQUEST_TIME' => 1525772301
]
